c:\users\ben\documents\visual studio 2015\projects\autofuel_cv\autofuel_cv\x64\debug\vc140.pdb
c:\users\ben\documents\visual studio 2015\projects\autofuel_cv\autofuel_cv\x64\debug\vc140.idb
c:\users\ben\documents\visual studio 2015\projects\autofuel_cv\autofuel_cv\x64\debug\contour.obj
c:\users\ben\documents\visual studio 2015\projects\autofuel_cv\autofuel_cv\x64\debug\hough.obj
c:\users\ben\documents\visual studio 2015\projects\autofuel_cv\autofuel_cv\x64\debug\source.obj
c:\users\ben\documents\visual studio 2015\projects\autofuel_cv\autofuel_cv\x64\debug\linesfromcenters.obj
c:\users\ben\documents\visual studio 2015\projects\autofuel_cv\autofuel_cv\x64\debug\cheese.obj
c:\users\ben\documents\visual studio 2015\projects\autofuel_cv\autofuel_cv\x64\debug\appcommands.obj
c:\users\ben\documents\visual studio 2015\projects\autofuel_cv\autofuel_cv\x64\debug\cheese.obj.enc
c:\users\ben\documents\visual studio 2015\projects\autofuel_cv\autofuel_cv\x64\debug\hough.obj.enc
c:\users\ben\documents\visual studio 2015\projects\autofuel_cv\autofuel_cv\x64\debug\linesfromcenters.obj.enc
c:\users\ben\documents\visual studio 2015\projects\autofuel_cv\autofuel_cv\x64\debug\source.obj.enc
c:\users\ben\documents\visual studio 2015\projects\autofuel_cv\x64\debug\autofuel_cv.pdb
c:\users\ben\documents\visual studio 2015\projects\autofuel_cv\autofuel_cv\x64\debug\autofuel_cv.tlog\cl.command.1.tlog
c:\users\ben\documents\visual studio 2015\projects\autofuel_cv\autofuel_cv\x64\debug\autofuel_cv.tlog\cl.read.1.tlog
c:\users\ben\documents\visual studio 2015\projects\autofuel_cv\autofuel_cv\x64\debug\autofuel_cv.tlog\cl.write.1.tlog
c:\users\ben\documents\visual studio 2015\projects\autofuel_cv\autofuel_cv\x64\debug\autofuel_cv.tlog\link-cvtres.read.1.tlog
c:\users\ben\documents\visual studio 2015\projects\autofuel_cv\autofuel_cv\x64\debug\autofuel_cv.tlog\link-cvtres.write.1.tlog
c:\users\ben\documents\visual studio 2015\projects\autofuel_cv\autofuel_cv\x64\debug\autofuel_cv.tlog\link-rc.read.1.tlog
c:\users\ben\documents\visual studio 2015\projects\autofuel_cv\autofuel_cv\x64\debug\autofuel_cv.tlog\link-rc.write.1.tlog
c:\users\ben\documents\visual studio 2015\projects\autofuel_cv\autofuel_cv\x64\debug\autofuel_cv.tlog\link.12856-cvtres.read.1.tlog
c:\users\ben\documents\visual studio 2015\projects\autofuel_cv\autofuel_cv\x64\debug\autofuel_cv.tlog\link.12856-cvtres.write.1.tlog
c:\users\ben\documents\visual studio 2015\projects\autofuel_cv\autofuel_cv\x64\debug\autofuel_cv.tlog\link.12856-rc.read.1.tlog
c:\users\ben\documents\visual studio 2015\projects\autofuel_cv\autofuel_cv\x64\debug\autofuel_cv.tlog\link.12856-rc.write.1.tlog
c:\users\ben\documents\visual studio 2015\projects\autofuel_cv\autofuel_cv\x64\debug\autofuel_cv.tlog\link.12856.read.1.tlog
c:\users\ben\documents\visual studio 2015\projects\autofuel_cv\autofuel_cv\x64\debug\autofuel_cv.tlog\link.12856.write.1.tlog
c:\users\ben\documents\visual studio 2015\projects\autofuel_cv\autofuel_cv\x64\debug\autofuel_cv.tlog\link.command.1.tlog
c:\users\ben\documents\visual studio 2015\projects\autofuel_cv\autofuel_cv\x64\debug\autofuel_cv.tlog\link.read.1.tlog
c:\users\ben\documents\visual studio 2015\projects\autofuel_cv\autofuel_cv\x64\debug\autofuel_cv.tlog\link.write.1.tlog
